<?xml version="1.0" encoding="utf-8" standalone="no"?>
<!--This file represents the results of running a test suite-->
<test-results name="C:\DATA\projects\CSharpLearingSolution\src\MainSolution\InterfaceTrainingProject.Tests\bin\Debug\InterfaceTrainingProject.Tests.dll" total="1" errors="0" failures="0" not-run="0" inconclusive="0" ignored="0" skipped="0" invalid="0" date="2015-05-12" time="20:35:34">
  <environment nunit-version="2.6.4.14350" clr-version="2.0.50727.8009" os-version="Microsoft Windows NT 6.2.9200.0" platform="Win32NT" cwd="C:\DATA\projects\CSharpLearingSolution\src\MainSolution\packages\NUnit.Runners.2.6.4\tools" machine-name="RAZERBLADE" user="rade" user-domain="RAZERBLADE" />
  <culture-info current-culture="pl-PL" current-uiculture="pl-PL" />
  <test-suite type="Assembly" name="C:\DATA\projects\CSharpLearingSolution\src\MainSolution\InterfaceTrainingProject.Tests\bin\Debug\InterfaceTrainingProject.Tests.dll" executed="True" result="Success" success="True" time="0.067" asserts="0">
    <results>
      <test-suite type="Namespace" name="InterfaceTrainingProject" executed="True" result="Success" success="True" time="0.051" asserts="0">
        <results>
          <test-suite type="Namespace" name="Tests" executed="True" result="Success" success="True" time="0.051" asserts="0">
            <results>
              <test-suite type="TestFixture" name="InterfaceTrainingProjectTests" executed="True" result="Success" success="True" time="0.049" asserts="0">
                <results>
                  <test-case name="InterfaceTrainingProject.Tests.InterfaceTrainingProjectTests.DisplayFullList" executed="True" result="Success" success="True" time="0.037" asserts="1" />
                </results>
              </test-suite>
            </results>
          </test-suite>
        </results>
      </test-suite>
    </results>
  </test-suite>
</test-results>