<?xml version="1.0" encoding="utf-8" standalone="no"?>
<!--This file represents the results of running a test suite-->
<test-results name="C:\DATA\projects\CSharpLearingSolution\src\MainSolution\FactoryMethodPattern.Tests\bin\Debug\FactoryMethodPattern.Tests.dll" total="2" errors="0" failures="0" not-run="0" inconclusive="0" ignored="0" skipped="0" invalid="0" date="2015-05-16" time="12:37:17">
  <environment nunit-version="2.6.4.14350" clr-version="2.0.50727.8009" os-version="Microsoft Windows NT 6.2.9200.0" platform="Win32NT" cwd="C:\DATA\projects\CSharpLearingSolution\src\MainSolution\packages\NUnit.Runners.2.6.4\tools" machine-name="RAZERBLADE" user="rade" user-domain="RAZERBLADE" />
  <culture-info current-culture="pl-PL" current-uiculture="pl-PL" />
  <test-suite type="Assembly" name="C:\DATA\projects\CSharpLearingSolution\src\MainSolution\FactoryMethodPattern.Tests\bin\Debug\FactoryMethodPattern.Tests.dll" executed="True" result="Success" success="True" time="0.073" asserts="0">
    <results>
      <test-suite type="Namespace" name="FactoryMethodPattern" executed="True" result="Success" success="True" time="0.057" asserts="0">
        <results>
          <test-suite type="Namespace" name="Tests" executed="True" result="Success" success="True" time="0.057" asserts="0">
            <results>
              <test-suite type="TestFixture" name="CommandTests" executed="True" result="Success" success="True" time="0.054" asserts="0">
                <results>
                  <test-case name="FactoryMethodPattern.Tests.CommandTests.CommandTests_IsEqualPowrCmdWithDifferentParamFormat_ReturnTrue" executed="True" result="Success" success="True" time="0.037" asserts="1" />
                  <test-case name="FactoryMethodPattern.Tests.CommandTests.CommandTests_IsEqualVolmCmdWithDifferentParamFormat_ReturnsTrue" executed="True" result="Success" success="True" time="0.001" asserts="1" />
                </results>
              </test-suite>
            </results>
          </test-suite>
        </results>
      </test-suite>
    </results>
  </test-suite>
</test-results>